<?xml version="1.0" encoding="UTF-8" ?>
<testsuite tests="12" failures="2" name="core.CalculatorTest" time="0.062" errors="0" skipped="0">
  <properties>
[...]
</properties>
  <testcase classname="core.CalculatorTest" name="test_01_add_2" time="0.025">
    <failure message="Not correct expected:&lt;350.0&gt; but was:&lt;1350.0&gt;" type="java.lang.AssertionError">java.lang.AssertionError: Not correct expected:&lt;350.0&gt; but was:&lt;1350.0&gt;
	at org.junit.Assert.fail(Assert.java:89)
	at org.junit.Assert.failNotEquals(Assert.java:835)
	at org.junit.Assert.assertEquals(Assert.java:555)
	at core.CalculatorTest.test_01_add_2(CalculatorTest.java:12)
	at sun.reflect.NativeMethodAccessorImpl.invoke0(Native Method)
	at sun.reflect.NativeMethodAccessorImpl.invoke(NativeMethodAccessorImpl.java:62)
	at sun.reflect.DelegatingMethodAccessorImpl.invoke(DelegatingMethodAccessorImpl.java:43)
	at java.lang.reflect.Method.invoke(Method.java:498)
	at org.junit.runners.model.FrameworkMethod$1.runReflectiveCall(FrameworkMethod.java:59)
	at org.junit.internal.runners.model.ReflectiveCallable.run(ReflectiveCallable.java:12)
	at org.junit.runners.model.FrameworkMethod.invokeExplosively(FrameworkMethod.java:56)
	at org.junit.internal.runners.statements.InvokeMethod.evaluate(InvokeMethod.java:17)
	at org.junit.internal.runners.statements.FailOnTimeout$CallableStatement.call(FailOnTimeout.java:288)
	at org.junit.internal.runners.statements.FailOnTimeout$CallableStatement.call(FailOnTimeout.java:282)
	at java.util.concurrent.FutureTask.run(FutureTask.java:266)
	at java.lang.Thread.run(Thread.java:748)
</failure>
    <system-out>Test # 01: Add 2 params
</system-out>
  </testcase>
  <testcase classname="core.CalculatorTest" name="test_02_add_3" time="0.005">
    <failure message="Not correct expected:&lt;20.0&gt; but was:&lt;120.0&gt;" type="java.lang.AssertionError">java.lang.AssertionError: Not correct expected:&lt;20.0&gt; but was:&lt;120.0&gt;
	at org.junit.Assert.fail(Assert.java:89)
	at org.junit.Assert.failNotEquals(Assert.java:835)
	at org.junit.Assert.assertEquals(Assert.java:555)
	at core.CalculatorTest.test_02_add_3(CalculatorTest.java:18)
	at sun.reflect.NativeMethodAccessorImpl.invoke0(Native Method)
	at sun.reflect.NativeMethodAccessorImpl.invoke(NativeMethodAccessorImpl.java:62)
	at sun.reflect.DelegatingMethodAccessorImpl.invoke(DelegatingMethodAccessorImpl.java:43)
	at java.lang.reflect.Method.invoke(Method.java:498)
	at org.junit.runners.model.FrameworkMethod$1.runReflectiveCall(FrameworkMethod.java:59)
	at org.junit.internal.runners.model.ReflectiveCallable.run(ReflectiveCallable.java:12)
	at org.junit.runners.model.FrameworkMethod.invokeExplosively(FrameworkMethod.java:56)
	at org.junit.internal.runners.statements.InvokeMethod.evaluate(InvokeMethod.java:17)
	at org.junit.internal.runners.statements.FailOnTimeout$CallableStatement.call(FailOnTimeout.java:288)
	at org.junit.internal.runners.statements.FailOnTimeout$CallableStatement.call(FailOnTimeout.java:282)
	at java.util.concurrent.FutureTask.run(FutureTask.java:266)
	at java.lang.Thread.run(Thread.java:748)
</failure>
    <system-out>Test # 02: Add 3 params
</system-out>
  </testcase>
  <testcase classname="core.CalculatorTest" name="test_03_add_4" time="0.009"/>
  <testcase classname="core.CalculatorTest" name="test_04_divide_2" time="0.001"/>
  <testcase classname="core.CalculatorTest" name="test_05_divide_3" time="0.002"/>
  <testcase classname="core.CalculatorTest" name="test_06_divide_4" time="0.004"/>
  <testcase classname="core.CalculatorTest" name="test_07_multiply_2" time="0.001"/>
  <testcase classname="core.CalculatorTest" name="test_08_multiply_3" time="0.001"/>
  <testcase classname="core.CalculatorTest" name="test_09_multiply_4" time="0.002"/>
  <testcase classname="core.CalculatorTest" name="test_10_subtract_2" time="0.004"/>
  <testcase classname="core.CalculatorTest" name="test_11_subtract_3" time="0.004"/>
  <testcase classname="core.CalculatorTest" name="test_12_subtract_4" time="0.004"/>
</testsuite>